d:\workshop\works\fileplanter\fileplanter\debug\main.obj
d:\workshop\works\fileplanter\fileplanter\debug\userinfo.obj
d:\workshop\works\fileplanter\fileplanter\debug\fileplanter.obj
d:\workshop\works\fileplanter\fileplanter\debug\qttcpbasehandler.obj
d:\workshop\works\fileplanter\fileplanter\debug\uic\ui_fileplanter.h
d:\workshop\works\fileplanter\fileplanter\debug\uic\ui_userinfo.h
d:\workshop\works\fileplanter\fileplanter\debug\rcc\qrc_fileplanter.cpp
d:\workshop\works\fileplanter\fileplanter\debug\moc\moc_fileplanter.cpp
d:\workshop\works\fileplanter\fileplanter\debug\moc\moc_userinfo.cpp
d:\workshop\works\fileplanter\fileplanter\debug\moc\moc_qttcpserverhandler.cpp
d:\workshop\works\fileplanter\fileplanter\debug\vc140.pdb
d:\workshop\works\fileplanter\fileplanter\debug\fileplanter.tlog\cl.command.1.tlog
d:\workshop\works\fileplanter\fileplanter\debug\fileplanter.tlog\cl.read.1.tlog
d:\workshop\works\fileplanter\fileplanter\debug\fileplanter.tlog\cl.write.1.tlog
d:\workshop\works\fileplanter\fileplanter\debug\fileplanter.tlog\fileplanter.write.1u.tlog
d:\workshop\works\fileplanter\fileplanter\debug\fileplanter.tlog\moc.read.1u.tlog
d:\workshop\works\fileplanter\fileplanter\debug\fileplanter.tlog\moc.write.1u.tlog
d:\workshop\works\fileplanter\fileplanter\debug\fileplanter.tlog\rcc.read.1u.tlog
d:\workshop\works\fileplanter\fileplanter\debug\fileplanter.tlog\rcc.write.1u.tlog
d:\workshop\works\fileplanter\fileplanter\debug\fileplanter.tlog\uic.read.1u.tlog
d:\workshop\works\fileplanter\fileplanter\debug\fileplanter.tlog\uic.write.1u.tlog
