d:\workshop\works\fileplanter\fileplanter\release\fileplanter.obj
d:\workshop\works\fileplanter\fileplanter\release\qttcpbasehandler.obj
d:\workshop\works\fileplanter\fileplanter\release\main.obj
d:\workshop\works\fileplanter\fileplanter\release\qttcpserverhandler.obj
d:\workshop\works\fileplanter\fileplanter\release\userinfo.obj
d:\workshop\works\fileplanter\fileplanter\release\vc140.pdb
d:\workshop\works\fileplanter\fileplanter\release\qrc_fileplanter.obj
d:\workshop\works\fileplanter\fileplanter\release\moc_qttcpserverhandler.obj
d:\workshop\works\fileplanter\fileplanter\release\moc_userinfo.obj
d:\workshop\works\fileplanter\fileplanter\release\moc_fileplanter.obj
d:\workshop\works\fileplanter\fileplanter\release\uic\ui_fileplanter.h
d:\workshop\works\fileplanter\fileplanter\release\uic\ui_userinfo.h
d:\workshop\works\fileplanter\fileplanter\release\rcc\qrc_fileplanter.cpp
d:\workshop\works\fileplanter\fileplanter\release\moc\moc_fileplanter.cpp
d:\workshop\works\fileplanter\fileplanter\release\moc\moc_userinfo.cpp
d:\workshop\works\fileplanter\fileplanter\release\moc\moc_qttcpserverhandler.cpp
d:\workshop\works\fileplanter\release\fileplanter.lib
d:\workshop\works\fileplanter\release\fileplanter.exp
d:\workshop\works\fileplanter\release\fileplanter.ilk
d:\workshop\works\fileplanter\release\fileplanter.exe
d:\workshop\works\fileplanter\release\fileplanter.pdb
d:\workshop\works\fileplanter\fileplanter\release\fileplanter.tlog\cl.command.1.tlog
d:\workshop\works\fileplanter\fileplanter\release\fileplanter.tlog\cl.read.1.tlog
d:\workshop\works\fileplanter\fileplanter\release\fileplanter.tlog\cl.write.1.tlog
d:\workshop\works\fileplanter\fileplanter\release\fileplanter.tlog\fileplanter.write.1u.tlog
d:\workshop\works\fileplanter\fileplanter\release\fileplanter.tlog\link.command.1.tlog
d:\workshop\works\fileplanter\fileplanter\release\fileplanter.tlog\link.read.1.tlog
d:\workshop\works\fileplanter\fileplanter\release\fileplanter.tlog\link.write.1.tlog
d:\workshop\works\fileplanter\fileplanter\release\fileplanter.tlog\moc.read.1u.tlog
d:\workshop\works\fileplanter\fileplanter\release\fileplanter.tlog\moc.write.1u.tlog
d:\workshop\works\fileplanter\fileplanter\release\fileplanter.tlog\rcc.read.1u.tlog
d:\workshop\works\fileplanter\fileplanter\release\fileplanter.tlog\rcc.write.1u.tlog
d:\workshop\works\fileplanter\fileplanter\release\fileplanter.tlog\uic.read.1u.tlog
d:\workshop\works\fileplanter\fileplanter\release\fileplanter.tlog\uic.write.1u.tlog
